<?xml version="1.0" encoding="UTF-8"?>
<!-- Generated by org.testng.reporters.JUnitXMLReporter -->
<testsuite ignored="0" hostname="DESKTOP-T4JK67Q" failures="0" tests="4" name="Default test" time="60.649" errors="0" timestamp="03 Aug 2022 11:49:32 GMT">
  <testcase classname="com.cms.testcases.ProductCatalogTest_19" name="login" time="2.332"/>
  <testcase classname="com.cms.testcases.ProductCatalogTest_19" name="clickOnProductCatalogFromList" time="29.487"/>
  <testcase classname="com.cms.testcases.ProductCatalogTest_19" name="clickOnAttributeTab" time="2.173"/>
  <testcase classname="com.cms.testcases.ProductCatalogTest_19" name="MandatorySpecificationsTextfield" time="4.206"/>
</testsuite> <!-- Default test -->
