<?xml version="1.0" encoding="UTF-8"?>
<!-- Generated by org.testng.reporters.JUnitXMLReporter -->
<testsuite ignored="0" hostname="DESKTOP-T4JK67Q" failures="0" tests="3" name="Test" time="64.965" errors="0" timestamp="27 Jul 2021 17:07:59 GMT">
  <testcase classname="com.cms.testcases.LoginCMS" name="login" time="2.582"/>
  <testcase classname="com.cms.testcases.LoginCMS" name="bulkUpload" time="17.668"/>
  <testcase classname="com.cms.testcases.LoginCMS" name="fileAndAssetFolder" time="33.467"/>
</testsuite> <!-- Test -->
